<?xml version="1.0" encoding="UTF-8"?>
<testng-results ignored="0" total="1" passed="1" failed="0" skipped="0">
  <reporter-output>
  </reporter-output>
  <suite started-at="2021-10-31T04:48:34 IST" name="Default suite" finished-at="2021-10-31T04:48:37 IST" duration-ms="3259">
    <groups>
    </groups>
    <test started-at="2021-10-31T04:48:34 IST" name="Default test" finished-at="2021-10-31T04:48:37 IST" duration-ms="3259">
      <class name="Test_post">
        <test-method signature="test_02()[pri:0, instance:Test_post@647e447]" started-at="2021-10-31T04:48:34 IST" name="test_02" finished-at="2021-10-31T04:48:37 IST" duration-ms="3193" status="PASS">
          <reporter-output>
          </reporter-output>
        </test-method> <!-- test_02 -->
      </class> <!-- Test_post -->
    </test> <!-- Default test -->
  </suite> <!-- Default suite -->
</testng-results>
